Performing C SOURCE FILE Test CMAKE_HAVE_LIBC_PTHREAD failed with the following output:
Change Dir: /home/s5618517/ASE/RGBA/build/CMakeFiles/CMakeTmp

Run Build Command(s):/usr/bin/ninja-build cmTC_07eea && [1/2] Building C object CMakeFiles/cmTC_07eea.dir/src.c.o
[2/2] Linking C executable cmTC_07eea
FAILED: cmTC_07eea 
: && /opt/rh/gcc-toolset-12/root/usr/bin/gcc   CMakeFiles/cmTC_07eea.dir/src.c.o -o cmTC_07eea   && :
/opt/rh/gcc-toolset-12/root/usr/libexec/gcc/x86_64-redhat-linux/12/ld: CMakeFiles/cmTC_07eea.dir/src.c.o: in function `main':
src.c:(.text+0x2d): undefined reference to `pthread_create'
/opt/rh/gcc-toolset-12/root/usr/libexec/gcc/x86_64-redhat-linux/12/ld: src.c:(.text+0x39): undefined reference to `pthread_detach'
/opt/rh/gcc-toolset-12/root/usr/libexec/gcc/x86_64-redhat-linux/12/ld: src.c:(.text+0x45): undefined reference to `pthread_cancel'
/opt/rh/gcc-toolset-12/root/usr/libexec/gcc/x86_64-redhat-linux/12/ld: src.c:(.text+0x56): undefined reference to `pthread_join'
collect2: error: ld returned 1 exit status
ninja: build stopped: subcommand failed.


Source file was:
#include <pthread.h>

static void* test_func(void* data)
{
  return data;
}

int main(void)
{
  pthread_t thread;
  pthread_create(&thread, NULL, test_func, NULL);
  pthread_detach(thread);
  pthread_cancel(thread);
  pthread_join(thread, NULL);
  pthread_atfork(NULL, NULL, NULL);
  pthread_exit(NULL);

  return 0;
}

Determining if the function pthread_create exists in the pthreads failed with the following output:
Change Dir: /home/s5618517/ASE/RGBA/build/CMakeFiles/CMakeTmp

Run Build Command(s):/usr/bin/ninja-build cmTC_ca215 && [1/2] Building C object CMakeFiles/cmTC_ca215.dir/CheckFunctionExists.c.o
[2/2] Linking C executable cmTC_ca215
FAILED: cmTC_ca215 
: && /opt/rh/gcc-toolset-12/root/usr/bin/gcc -DCHECK_FUNCTION_EXISTS=pthread_create  CMakeFiles/cmTC_ca215.dir/CheckFunctionExists.c.o -o cmTC_ca215  -lpthreads && :
/opt/rh/gcc-toolset-12/root/usr/libexec/gcc/x86_64-redhat-linux/12/ld: cannot find -lpthreads: No such file or directory
collect2: error: ld returned 1 exit status
ninja: build stopped: subcommand failed.



